Using pre-set license
Built from '2020.3/staging' branch; Version is '2020.3.18f1 (a7d1c678663c) revision 10998214'; Using compiler version '192528614'; Build Type 'Release'
OS: 'Windows 10 Pro; OS build 19043.1165; Version 2009; 64bit' Language: 'ru' Physical Memory: 32699 MB
BatchMode: 1, IsHumanControllingUs: 0, StartBugReporterOnCrash: 0, Is64bit: 1, IsPro: 0

COMMAND LINE ARGUMENTS:
C:\Program Files\Unity\Hub\Editor\2020.3.18f1\Editor\Unity.exe
-adb2
-batchMode
-noUpm
-name
AssetImportWorker0
-projectPath
C:/Users/Artyom/myUnityProject/OnlineRunner
-logFile
Logs/AssetImportWorker0.log
-srvPort
59449
Successfully changed project path to: C:/Users/Artyom/myUnityProject/OnlineRunner
C:/Users/Artyom/myUnityProject/OnlineRunner
Using Asset Import Pipeline V2.
Refreshing native plugins compatible for Editor in 35.56 ms, found 3 plugins.
Preloading 0 native plugins for Editor in 0.00 ms.
Initialize engine version: 2020.3.18f1 (a7d1c678663c)
[Subsystems] Discovering subsystems at path C:/Program Files/Unity/Hub/Editor/2020.3.18f1/Editor/Data/Resources/UnitySubsystems
[Subsystems] Discovering subsystems at path C:/Users/Artyom/myUnityProject/OnlineRunner/Assets
GfxDevice: creating device client; threaded=0
Direct3D:
    Version:  Direct3D 11.0 [level 11.1]
    Renderer: NVIDIA GeForce RTX 2080 (ID=0x1e87)
    Vendor:   
    VRAM:     8010 MB
    Driver:   27.21.14.6589
Initialize mono
Mono path[0] = 'C:/Program Files/Unity/Hub/Editor/2020.3.18f1/Editor/Data/Managed'
Mono path[1] = 'C:/Program Files/Unity/Hub/Editor/2020.3.18f1/Editor/Data/MonoBleedingEdge/lib/mono/unityjit'
Mono config path = 'C:/Program Files/Unity/Hub/Editor/2020.3.18f1/Editor/Data/MonoBleedingEdge/etc'
Using monoOptions --debugger-agent=transport=dt_socket,embedding=1,server=y,suspend=n,address=127.0.0.1:56076
Begin MonoManager ReloadAssembly
Registering precompiled unity dll's ...
Register platform support module: C:/Program Files/Unity/Hub/Editor/2020.3.18f1/Editor/Data/PlaybackEngines/WindowsStandaloneSupport/UnityEditor.WindowsStandalone.Extensions.dll
Registered in 0.001417 seconds.
Native extension for WindowsStandalone target not found
Refreshing native plugins compatible for Editor in 32.62 ms, found 3 plugins.
Preloading 0 native plugins for Editor in 0.00 ms.
Mono: successfully reloaded assembly
- Completed reload, in  1.323 seconds
Domain Reload Profiling:
	ReloadAssembly (1323ms)
		BeginReloadAssembly (40ms)
			ExecutionOrderSort (0ms)
			DisableScriptedObjects (0ms)
			BackupInstance (0ms)
			ReleaseScriptingObjects (0ms)
			CreateAndSetChildDomain (1ms)
		EndReloadAssembly (310ms)
			LoadAssemblies (38ms)
			RebuildTransferFunctionScriptingTraits (0ms)
			SetupTypeCache (110ms)
			ReleaseScriptCaches (0ms)
			RebuildScriptCaches (23ms)
			SetupLoadedEditorAssemblies (126ms)
				LogAssemblyErrors (0ms)
				InitializePlatformSupportModulesInManaged (3ms)
				SetLoadedEditorAssemblies (0ms)
				RefreshPlugins (33ms)
				BeforeProcessingInitializeOnLoad (10ms)
				ProcessInitializeOnLoadAttributes (60ms)
				ProcessInitializeOnLoadMethodAttributes (20ms)
				AfterProcessingInitializeOnLoad (0ms)
				EditorAssembliesLoaded (0ms)
			ExecutionOrderSort2 (0ms)
			AwakeInstancesAfterBackupRestoration (0ms)
Platform modules already initialized, skipping
Registering precompiled user dll's ...
Registered in 0.002171 seconds.
Begin MonoManager ReloadAssembly
Native extension for WindowsStandalone target not found
Refreshing native plugins compatible for Editor in 32.23 ms, found 3 plugins.
Preloading 0 native plugins for Editor in 0.00 ms.
Mono: successfully reloaded assembly
- Completed reload, in  0.819 seconds
Domain Reload Profiling:
	ReloadAssembly (820ms)
		BeginReloadAssembly (109ms)
			ExecutionOrderSort (0ms)
			DisableScriptedObjects (3ms)
			BackupInstance (0ms)
			ReleaseScriptingObjects (0ms)
			CreateAndSetChildDomain (14ms)
		EndReloadAssembly (663ms)
			LoadAssemblies (66ms)
			RebuildTransferFunctionScriptingTraits (0ms)
			SetupTypeCache (218ms)
			ReleaseScriptCaches (0ms)
			RebuildScriptCaches (35ms)
			SetupLoadedEditorAssemblies (250ms)
				LogAssemblyErrors (0ms)
				InitializePlatformSupportModulesInManaged (3ms)
				SetLoadedEditorAssemblies (0ms)
				RefreshPlugins (32ms)
				BeforeProcessingInitializeOnLoad (56ms)
				ProcessInitializeOnLoadAttributes (145ms)
				ProcessInitializeOnLoadMethodAttributes (9ms)
				AfterProcessingInitializeOnLoad (5ms)
				EditorAssembliesLoaded (0ms)
			ExecutionOrderSort2 (0ms)
			AwakeInstancesAfterBackupRestoration (5ms)
Platform modules already initialized, skipping
========================================================================
Worker process is ready to serve import requests
Launched and connected shader compiler UnityShaderCompiler.exe after 0.05 seconds
Refreshing native plugins compatible for Editor in 0.54 ms, found 3 plugins.
Preloading 0 native plugins for Editor in 0.00 ms.
Unloading 2090 Unused Serialized files (Serialized files now loaded: 0)
System memory in use before: 93.0 MB.
System memory in use after: 93.1 MB.

Unloading 26 unused Assets to reduce memory usage. Loaded Objects now: 2529.
Total: 2.773500 ms (FindLiveObjects: 0.198100 ms CreateObjectMapping: 0.064700 ms MarkObjects: 2.412800 ms  DeleteObjects: 0.097000 ms)

AssetImportParameters requested are different than current active one (requested -> active):
  custom:framework-win-MediaFoundation: 216162199b28c13a410421893ffa2e32 -> 
  custom:video-decoder-ogg-theora: a1e56fd34408186e4bbccfd4996cb3dc -> 
  custom:container-muxer-webm: aa71ff27fc2769a1b78a27578f13a17b -> 
  custom:container-demuxer-webm: 4f35f7cbe854078d1ac9338744f61a02 -> 
  custom:container-demuxer-ogg: 62fdf1f143b41e24485cea50d1cbac27 -> 
  custom:video-encoder-webm-vp8: eb34c28f22e8b96e1ab97ce403110664 -> 
  custom:video-decoder-webm-vp8: 9c59270c3fd7afecdb556c50c9e8de78 -> 
  custom:audio-decoder-ogg-vorbis: bf7c407c2cedff20999df2af8eb42d56 -> 
  custom:audio-encoder-webm-vorbis: bf7c407c2cedff20999df2af8eb42d56 -> 
========================================================================
Received Import Request.
  path: Assets/Sprites/Enemy/2D Mace View Body.png
  artifactKey: Guid(88062f03e4209f34d929131d760f8e0c) Importer(815301076,1909f56bfc062723c751e8b465ee728b)
Start importing Assets/Sprites/Enemy/2D Mace View Body.png using Guid(88062f03e4209f34d929131d760f8e0c) Importer(815301076,1909f56bfc062723c751e8b465ee728b)  -> (artifact id: '9f23eff8feac251b63b7901f687c6953') in 0.124614 seconds 
  Import took 0.127820 seconds .

========================================================================
Received Import Request.
  Time since last request: 0.000212 seconds.
  path: Assets/Sprites/Enemy/eye-1.png
  artifactKey: Guid(80c8e4bf1a334684d9f6451cae532aa1) Importer(815301076,1909f56bfc062723c751e8b465ee728b)
Start importing Assets/Sprites/Enemy/eye-1.png using Guid(80c8e4bf1a334684d9f6451cae532aa1) Importer(815301076,1909f56bfc062723c751e8b465ee728b)  -> (artifact id: '69720840b6fa0883b7592e853a54dc16') in 0.012416 seconds 
  Import took 0.014727 seconds .

========================================================================
Received Import Request.
  Time since last request: 0.000177 seconds.
  path: Assets/Sprites/Enemy/2D Mace View.png
  artifactKey: Guid(48292c962abd3e946be0337bf885fd20) Importer(815301076,1909f56bfc062723c751e8b465ee728b)
Start importing Assets/Sprites/Enemy/2D Mace View.png using Guid(48292c962abd3e946be0337bf885fd20) Importer(815301076,1909f56bfc062723c751e8b465ee728b)  -> (artifact id: '532924e16cc159b363d7c41018132f2c') in 0.028431 seconds 
  Import took 0.031468 seconds .

========================================================================
Received Import Request.
  Time since last request: 0.000202 seconds.
  path: Assets/Sprites/Enemy/eye-2.png
  artifactKey: Guid(6450df5727e81324ca11f4a494030a3c) Importer(815301076,1909f56bfc062723c751e8b465ee728b)
Start importing Assets/Sprites/Enemy/eye-2.png using Guid(6450df5727e81324ca11f4a494030a3c) Importer(815301076,1909f56bfc062723c751e8b465ee728b)  -> (artifact id: 'a034b90136ca5bbcb271f0c90982798f') in 0.009963 seconds 
  Import took 0.012275 seconds .

========================================================================
Received Import Request.
  Time since last request: 0.000213 seconds.
  path: Assets/Sprites/Enemy/eye-3.png
  artifactKey: Guid(7bc33f6028e026349a1fa17cd0618fd7) Importer(815301076,1909f56bfc062723c751e8b465ee728b)
Start importing Assets/Sprites/Enemy/eye-3.png using Guid(7bc33f6028e026349a1fa17cd0618fd7) Importer(815301076,1909f56bfc062723c751e8b465ee728b)  -> (artifact id: '36d93f84c2561a3e2b62153f645a7a05') in 0.023556 seconds 
  Import took 0.025951 seconds .

========================================================================
Received Import Request.
  Time since last request: 0.000181 seconds.
  path: Assets/Sprites/Enemy/eye-5.png
  artifactKey: Guid(83ea4ab58ef71164a9589ba6c9473e07) Importer(815301076,1909f56bfc062723c751e8b465ee728b)
Start importing Assets/Sprites/Enemy/eye-5.png using Guid(83ea4ab58ef71164a9589ba6c9473e07) Importer(815301076,1909f56bfc062723c751e8b465ee728b)  -> (artifact id: 'b7d74e07d158148297e7b8e11a9e5ea5') in 0.009522 seconds 
  Import took 0.011847 seconds .

========================================================================
Received Import Request.
  Time since last request: 0.000216 seconds.
  path: Assets/Sprites/Enemy/Circle.png
  artifactKey: Guid(231df82dbae79f242aa0c784425dd43f) Importer(815301076,1909f56bfc062723c751e8b465ee728b)
Start importing Assets/Sprites/Enemy/Circle.png using Guid(231df82dbae79f242aa0c784425dd43f) Importer(815301076,1909f56bfc062723c751e8b465ee728b)  -> (artifact id: '01969992b12622768785e22dfd21d45f') in 0.010612 seconds 
  Import took 0.013077 seconds .

========================================================================
Received Import Request.
  Time since last request: 0.000245 seconds.
  path: Assets/Sprites/Enemy/Chain-2.png
  artifactKey: Guid(41354de98193b734ba5f29ac7fb15f5d) Importer(815301076,1909f56bfc062723c751e8b465ee728b)
Start importing Assets/Sprites/Enemy/Chain-2.png using Guid(41354de98193b734ba5f29ac7fb15f5d) Importer(815301076,1909f56bfc062723c751e8b465ee728b)  -> (artifact id: '2eff1a80e456dfde349f9a3404265110') in 0.009328 seconds 
  Import took 0.011694 seconds .

========================================================================
Received Import Request.
  Time since last request: 0.000215 seconds.
  path: Assets/Sprites/Enemy/eye-4.png
  artifactKey: Guid(13bb9108b35e47646a9a7fc2a54b0bfe) Importer(815301076,1909f56bfc062723c751e8b465ee728b)
Start importing Assets/Sprites/Enemy/eye-4.png using Guid(13bb9108b35e47646a9a7fc2a54b0bfe) Importer(815301076,1909f56bfc062723c751e8b465ee728b)  -> (artifact id: '4b7432b5e4aa94ee47d236bc725cc375') in 0.009497 seconds 
  Import took 0.011957 seconds .

========================================================================
Received Import Request.
  Time since last request: 0.000219 seconds.
  path: Assets/Sprites/Enemy/Mace-Chain.png
  artifactKey: Guid(926b9411b3a2a1b43acb3f7aa8787d02) Importer(815301076,1909f56bfc062723c751e8b465ee728b)
Start importing Assets/Sprites/Enemy/Mace-Chain.png using Guid(926b9411b3a2a1b43acb3f7aa8787d02) Importer(815301076,1909f56bfc062723c751e8b465ee728b)  -> (artifact id: '3039b32705a807676092618dee74acf2') in 0.010647 seconds 
  Import took 0.012937 seconds .

========================================================================
Received Import Request.
  Time since last request: 0.000201 seconds.
  path: Assets/Sprites/Enemy/Mace.png
  artifactKey: Guid(e03c31c99b4ad1b4198df0347abbe947) Importer(815301076,1909f56bfc062723c751e8b465ee728b)
Start importing Assets/Sprites/Enemy/Mace.png using Guid(e03c31c99b4ad1b4198df0347abbe947) Importer(815301076,1909f56bfc062723c751e8b465ee728b)  -> (artifact id: '9f527089730cc44c6c9b4095407292d6') in 0.010493 seconds 
  Import took 0.012808 seconds .

========================================================================
Received Import Request.
  Time since last request: 0.000203 seconds.
  path: Assets/Sprites/Enemy/Mace Preview.png
  artifactKey: Guid(ea20655dcd1ff6d4fb3609dcafa9d630) Importer(815301076,1909f56bfc062723c751e8b465ee728b)
Start importing Assets/Sprites/Enemy/Mace Preview.png using Guid(ea20655dcd1ff6d4fb3609dcafa9d630) Importer(815301076,1909f56bfc062723c751e8b465ee728b)  -> (artifact id: 'cbc7c3cc310eefd84a4f8a7fd6175b0c') in 0.010302 seconds 
  Import took 0.012610 seconds .

========================================================================
Received Import Request.
  Time since last request: 0.000204 seconds.
  path: Assets/Sprites/Enemy/Square.png
  artifactKey: Guid(1f5746da3e477bc4180d8e1fb6302553) Importer(815301076,1909f56bfc062723c751e8b465ee728b)
Start importing Assets/Sprites/Enemy/Square.png using Guid(1f5746da3e477bc4180d8e1fb6302553) Importer(815301076,1909f56bfc062723c751e8b465ee728b)  -> (artifact id: '771bf8db4f7b7df6f3c2672a099e8716') in 0.009228 seconds 
  Import took 0.011530 seconds .

========================================================================
Received Import Request.
  Time since last request: 0.000202 seconds.
  path: Assets/Sprites/Enemy/Chain-1.png
  artifactKey: Guid(30b7aa843fc2898439c5f47f1cde8ca8) Importer(815301076,1909f56bfc062723c751e8b465ee728b)
Start importing Assets/Sprites/Enemy/Chain-1.png using Guid(30b7aa843fc2898439c5f47f1cde8ca8) Importer(815301076,1909f56bfc062723c751e8b465ee728b)  -> (artifact id: '8034a3a49075c30ee990045f54b7c233') in 0.010060 seconds 
  Import took 0.012422 seconds .

========================================================================
Received Import Request.
  Time since last request: 0.000226 seconds.
  path: Assets/Sprites/Enemy/Chain-3.png
  artifactKey: Guid(53a6fa36bb690354291054453c7cdb08) Importer(815301076,1909f56bfc062723c751e8b465ee728b)
Start importing Assets/Sprites/Enemy/Chain-3.png using Guid(53a6fa36bb690354291054453c7cdb08) Importer(815301076,1909f56bfc062723c751e8b465ee728b)  -> (artifact id: '9e7eb4104292b2f8fb72850a5e008961') in 0.010641 seconds 
  Import took 0.013065 seconds .

========================================================================
Received Import Request.
  Time since last request: 0.000220 seconds.
  path: Assets/Sprites/Enemy
  artifactKey: Guid(f40d6cf9dd38782438dfb28dbe80d7aa) Importer(815301076,1909f56bfc062723c751e8b465ee728b)
Start importing Assets/Sprites/Enemy using Guid(f40d6cf9dd38782438dfb28dbe80d7aa) Importer(815301076,1909f56bfc062723c751e8b465ee728b)  -> (artifact id: 'deadf8103c4d18d7f25ca91368d57f05') in 0.004228 seconds 
  Import took 0.006491 seconds .

========================================================================
Received Import Request.
  Time since last request: 1.796478 seconds.
  path: Assets/Sprites/Character Animation
  artifactKey: Guid(793185f569fd0294bb46095230ad1581) Importer(815301076,1909f56bfc062723c751e8b465ee728b)
Start importing Assets/Sprites/Character Animation using Guid(793185f569fd0294bb46095230ad1581) Importer(815301076,1909f56bfc062723c751e8b465ee728b)  -> (artifact id: '784ca41ef390141eaa891ddea8c1d515') in 0.004764 seconds 
  Import took 0.007558 seconds .

========================================================================
Received Import Request.
  Time since last request: 0.041229 seconds.
  path: Assets/Sprites/Character Animation/Body.png
  artifactKey: Guid(c96f177bc0299e14498aba02f4c34409) Importer(815301076,1909f56bfc062723c751e8b465ee728b)
Start importing Assets/Sprites/Character Animation/Body.png using Guid(c96f177bc0299e14498aba02f4c34409) Importer(815301076,1909f56bfc062723c751e8b465ee728b)  -> (artifact id: 'ad29386a1b534a0f2a0c02a4b92444a1') in 0.009388 seconds 
  Import took 0.011992 seconds .

========================================================================
Received Import Request.
  Time since last request: 0.000244 seconds.
  path: Assets/Sprites/Character Animation/Eye.png
  artifactKey: Guid(5c876788e2f95d4489b9f4b1e3ef9849) Importer(815301076,1909f56bfc062723c751e8b465ee728b)
Start importing Assets/Sprites/Character Animation/Eye.png using Guid(5c876788e2f95d4489b9f4b1e3ef9849) Importer(815301076,1909f56bfc062723c751e8b465ee728b)  -> (artifact id: 'f3c342e3bbdd1d96e0c54ba6eeecac96') in 0.011891 seconds 
  Import took 0.014230 seconds .

========================================================================
Received Import Request.
  Time since last request: 0.000220 seconds.
  path: Assets/Sprites/Character Animation/RightHand&Arm.png
  artifactKey: Guid(5bb3ffdcdf06e1045af884701ee01974) Importer(815301076,1909f56bfc062723c751e8b465ee728b)
Start importing Assets/Sprites/Character Animation/RightHand&Arm.png using Guid(5bb3ffdcdf06e1045af884701ee01974) Importer(815301076,1909f56bfc062723c751e8b465ee728b)  -> (artifact id: '99f584eccb8e6663e70f4ec31c8ed510') in 0.009602 seconds 
  Import took 0.011903 seconds .

========================================================================
Received Import Request.
  Time since last request: 0.000199 seconds.
  path: Assets/Sprites/Character Animation/LeftHand&Arm.png
  artifactKey: Guid(849f842e0fa45644b93aa7a57251ee58) Importer(815301076,1909f56bfc062723c751e8b465ee728b)
Start importing Assets/Sprites/Character Animation/LeftHand&Arm.png using Guid(849f842e0fa45644b93aa7a57251ee58) Importer(815301076,1909f56bfc062723c751e8b465ee728b)  -> (artifact id: '2b95a45b1fe97c05b7e15f09713eef4c') in 0.009351 seconds 
  Import took 0.011721 seconds .

========================================================================
Received Import Request.
  Time since last request: 0.000194 seconds.
  path: Assets/Sprites/Character Animation/Foot.png
  artifactKey: Guid(534e0cd84cad6714f9527689ec0aff79) Importer(815301076,1909f56bfc062723c751e8b465ee728b)
Start importing Assets/Sprites/Character Animation/Foot.png using Guid(534e0cd84cad6714f9527689ec0aff79) Importer(815301076,1909f56bfc062723c751e8b465ee728b)  -> (artifact id: '6671ea37951bdb8aab351f445976fd7a') in 0.009299 seconds 
  Import took 0.011683 seconds .

========================================================================
Received Import Request.
  Time since last request: 2.594151 seconds.
  path: Assets/Sprites/Character Animation/Idle
  artifactKey: Guid(b7f0d1d5338d1184ca6b04bc184ba3a6) Importer(815301076,1909f56bfc062723c751e8b465ee728b)
Start importing Assets/Sprites/Character Animation/Idle using Guid(b7f0d1d5338d1184ca6b04bc184ba3a6) Importer(815301076,1909f56bfc062723c751e8b465ee728b)  -> (artifact id: '8fcf0193aebbf613ab59e25ebc22804b') in 0.004574 seconds 
  Import took 0.007121 seconds .

========================================================================
Received Import Request.
  Time since last request: 0.059636 seconds.
  path: Assets/Sprites/Character Animation/Idle/2x.png
  artifactKey: Guid(dd3cc307ddf45074781b8aecf9e6c090) Importer(815301076,1909f56bfc062723c751e8b465ee728b)
Start importing Assets/Sprites/Character Animation/Idle/2x.png using Guid(dd3cc307ddf45074781b8aecf9e6c090) Importer(815301076,1909f56bfc062723c751e8b465ee728b)  -> (artifact id: 'ee872f42e770f15577ab6880a21c9cca') in 0.039516 seconds 
  Import took 0.042193 seconds .

========================================================================
Received Import Request.
  Time since last request: 0.000233 seconds.
  path: Assets/Sprites/Character Animation/Idle/blink.png
  artifactKey: Guid(f9ce12747dd8ffb4ebe5f14ab04f32b1) Importer(815301076,1909f56bfc062723c751e8b465ee728b)
Start importing Assets/Sprites/Character Animation/Idle/blink.png using Guid(f9ce12747dd8ffb4ebe5f14ab04f32b1) Importer(815301076,1909f56bfc062723c751e8b465ee728b)  -> (artifact id: 'dec756d0767b9a3141473177e72d68f1') in 0.010871 seconds 
  Import took 0.013159 seconds .

========================================================================
Received Import Request.
  Time since last request: 0.003140 seconds.
  path: Assets/Sprites/Character Animation/Idle/blink.png
  artifactKey: Guid(f9ce12747dd8ffb4ebe5f14ab04f32b1) Importer(815301076,1909f56bfc062723c751e8b465ee728b)
Start importing Assets/Sprites/Character Animation/Idle/blink.png using Guid(f9ce12747dd8ffb4ebe5f14ab04f32b1) Importer(815301076,1909f56bfc062723c751e8b465ee728b)  -> (artifact id: 'dec756d0767b9a3141473177e72d68f1') in 0.008868 seconds 
  Import took 0.011425 seconds .

========================================================================
Received Import Request.
  Time since last request: 247.313190 seconds.
  path: Assets/Pixel Adventure 1/Assets
  artifactKey: Guid(e7fabf8f9d1b6f6499883b9c8ad15b65) Importer(815301076,1909f56bfc062723c751e8b465ee728b)
Start importing Assets/Pixel Adventure 1/Assets using Guid(e7fabf8f9d1b6f6499883b9c8ad15b65) Importer(815301076,1909f56bfc062723c751e8b465ee728b)  -> (artifact id: '1e7538a39be8e0bfd3108565dfc139fc') in 0.004734 seconds 
  Import took 0.008115 seconds .

========================================================================
Received Import Request.
  Time since last request: 5.971693 seconds.
  path: Assets/Pixel Adventure 1/Assets/Background
  artifactKey: Guid(e2c5ef056991e3c4b902833ce4b5c2f9) Importer(815301076,1909f56bfc062723c751e8b465ee728b)
Start importing Assets/Pixel Adventure 1/Assets/Background using Guid(e2c5ef056991e3c4b902833ce4b5c2f9) Importer(815301076,1909f56bfc062723c751e8b465ee728b)  -> (artifact id: 'c7178d06e7f6d7190aa0aa8240c4c252') in 0.005202 seconds 
  Import took 0.007796 seconds .

========================================================================
Received Import Request.
  Time since last request: 0.267531 seconds.
  path: Assets/Pixel Adventure 1/Assets/Background/Blue.png
  artifactKey: Guid(8049ea91a9d5fca4dab4024c0915dbe6) Importer(815301076,1909f56bfc062723c751e8b465ee728b)
Start importing Assets/Pixel Adventure 1/Assets/Background/Blue.png using Guid(8049ea91a9d5fca4dab4024c0915dbe6) Importer(815301076,1909f56bfc062723c751e8b465ee728b)  -> (artifact id: 'aea08b88c638a9c7230c45748dd7cbf1') in 0.013299 seconds 
  Import took 0.017040 seconds .

========================================================================
Received Import Request.
  Time since last request: 0.000247 seconds.
  path: Assets/Pixel Adventure 1/Assets/Background/Gray.png
  artifactKey: Guid(ffc80c129c9aca14c9fb4dbeba0e10d2) Importer(815301076,1909f56bfc062723c751e8b465ee728b)
Start importing Assets/Pixel Adventure 1/Assets/Background/Gray.png using Guid(ffc80c129c9aca14c9fb4dbeba0e10d2) Importer(815301076,1909f56bfc062723c751e8b465ee728b)  -> (artifact id: '52cf26bcd3c83c2078460fa1a9aa3917') in 0.009587 seconds 
  Import took 0.011818 seconds .

========================================================================
Received Import Request.
  Time since last request: 0.000228 seconds.
  path: Assets/Pixel Adventure 1/Assets/Background/Green.png
  artifactKey: Guid(2538710101d0f1f4e8976b3495cd1f75) Importer(815301076,1909f56bfc062723c751e8b465ee728b)
Start importing Assets/Pixel Adventure 1/Assets/Background/Green.png using Guid(2538710101d0f1f4e8976b3495cd1f75) Importer(815301076,1909f56bfc062723c751e8b465ee728b)  -> (artifact id: '53eddc33b117aa5f607957103db61712') in 0.009796 seconds 
  Import took 0.012073 seconds .

========================================================================
Received Import Request.
  Time since last request: 0.000253 seconds.
  path: Assets/Pixel Adventure 1/Assets/Background/Yellow.png
  artifactKey: Guid(4d8c75a4d7dd2a0489270e1058d82128) Importer(815301076,1909f56bfc062723c751e8b465ee728b)
Start importing Assets/Pixel Adventure 1/Assets/Background/Yellow.png using Guid(4d8c75a4d7dd2a0489270e1058d82128) Importer(815301076,1909f56bfc062723c751e8b465ee728b)  -> (artifact id: '29066356c0e6a01bbcd9eea165bbdea6') in 0.009503 seconds 
  Import took 0.011737 seconds .

========================================================================
Received Import Request.
  Time since last request: 0.000241 seconds.
  path: Assets/Pixel Adventure 1/Assets/Background/Pink.png
  artifactKey: Guid(348c3b734b11d3b4aa5c69e25b7113e6) Importer(815301076,1909f56bfc062723c751e8b465ee728b)
Start importing Assets/Pixel Adventure 1/Assets/Background/Pink.png using Guid(348c3b734b11d3b4aa5c69e25b7113e6) Importer(815301076,1909f56bfc062723c751e8b465ee728b)  -> (artifact id: '4113aa79391385ff2c39c0e3627d2388') in 0.014824 seconds 
  Import took 0.017377 seconds .

========================================================================
Received Import Request.
  Time since last request: 0.000211 seconds.
  path: Assets/Pixel Adventure 1/Assets/Background/Brown.png
  artifactKey: Guid(ca6a66f8e2ae9c24c8c6b39c49206a0d) Importer(815301076,1909f56bfc062723c751e8b465ee728b)
Start importing Assets/Pixel Adventure 1/Assets/Background/Brown.png using Guid(ca6a66f8e2ae9c24c8c6b39c49206a0d) Importer(815301076,1909f56bfc062723c751e8b465ee728b)  -> (artifact id: '010a6527998e0d63f516263fce78a88c') in 0.010834 seconds 
  Import took 0.013612 seconds .

========================================================================
Received Import Request.
  Time since last request: 0.000309 seconds.
  path: Assets/Pixel Adventure 1/Assets/Background/Purple.png
  artifactKey: Guid(248611cc7bb8d85448933cee393ce41e) Importer(815301076,1909f56bfc062723c751e8b465ee728b)
Start importing Assets/Pixel Adventure 1/Assets/Background/Purple.png using Guid(248611cc7bb8d85448933cee393ce41e) Importer(815301076,1909f56bfc062723c751e8b465ee728b)  -> (artifact id: '15f92e8e7f1e806ca110e103f4808637') in 0.009715 seconds 
  Import took 0.012011 seconds .

========================================================================
Received Import Request.
  Time since last request: 2.138519 seconds.
  path: Assets/Pixel Adventure 1/Assets/Items
  artifactKey: Guid(45aa8edc5710be2418fa949495904348) Importer(815301076,1909f56bfc062723c751e8b465ee728b)
Start importing Assets/Pixel Adventure 1/Assets/Items using Guid(45aa8edc5710be2418fa949495904348) Importer(815301076,1909f56bfc062723c751e8b465ee728b)  -> (artifact id: 'fa7f64f8f2e3be67a775bdc600e0ace0') in 0.005469 seconds 
  Import took 0.008259 seconds .

========================================================================
Received Import Request.
  Time since last request: 3.234978 seconds.
  path: Assets/Pixel Adventure 1/Assets/Main Characters
  artifactKey: Guid(c674b6697fb2a834d9379dc2411ddde1) Importer(815301076,1909f56bfc062723c751e8b465ee728b)
Start importing Assets/Pixel Adventure 1/Assets/Main Characters using Guid(c674b6697fb2a834d9379dc2411ddde1) Importer(815301076,1909f56bfc062723c751e8b465ee728b)  -> (artifact id: '39cd5f1943d1399b359470b1d0eb9e2c') in 0.004997 seconds 
  Import took 0.007491 seconds .

========================================================================
Received Import Request.
  Time since last request: 0.068219 seconds.
  path: Assets/Pixel Adventure 1/Assets/Main Characters/Appearing (96x96).png
  artifactKey: Guid(3421078018dc3934a8c1ab3b7bf89aa0) Importer(815301076,1909f56bfc062723c751e8b465ee728b)
Start importing Assets/Pixel Adventure 1/Assets/Main Characters/Appearing (96x96).png using Guid(3421078018dc3934a8c1ab3b7bf89aa0) Importer(815301076,1909f56bfc062723c751e8b465ee728b)  -> (artifact id: '1e6b4c2097f25b6dab87a6e93a4a5f47') in 0.032821 seconds 
  Import took 0.035531 seconds .

========================================================================
Received Import Request.
  Time since last request: 0.000232 seconds.
  path: Assets/Pixel Adventure 1/Assets/Main Characters/Desappearing (96x96).png
  artifactKey: Guid(99e1beacf34e67c42afd2d344aefcc3c) Importer(815301076,1909f56bfc062723c751e8b465ee728b)
Start importing Assets/Pixel Adventure 1/Assets/Main Characters/Desappearing (96x96).png using Guid(99e1beacf34e67c42afd2d344aefcc3c) Importer(815301076,1909f56bfc062723c751e8b465ee728b)  -> (artifact id: 'd001e854184db12192757335c70001db') in 0.023373 seconds 
  Import took 0.025629 seconds .

========================================================================
Received Import Request.
  Time since last request: 4.392508 seconds.
  path: Assets/Pixel Adventure 1/Assets/Main Characters/Ninja Frog
  artifactKey: Guid(04d5c6ab2c80a0049a258594f321bde4) Importer(815301076,1909f56bfc062723c751e8b465ee728b)
Start importing Assets/Pixel Adventure 1/Assets/Main Characters/Ninja Frog using Guid(04d5c6ab2c80a0049a258594f321bde4) Importer(815301076,1909f56bfc062723c751e8b465ee728b)  -> (artifact id: '25eccde9c38ff56d63f1780fae05ab31') in 0.004820 seconds 
  Import took 0.007566 seconds .

========================================================================
Received Import Request.
  Time since last request: 0.266227 seconds.
  path: Assets/Pixel Adventure 1/Assets/Main Characters/Ninja Frog/Double Jump (32x32).png
  artifactKey: Guid(4099f676255555240b5240f897805dce) Importer(815301076,1909f56bfc062723c751e8b465ee728b)
Start importing Assets/Pixel Adventure 1/Assets/Main Characters/Ninja Frog/Double Jump (32x32).png using Guid(4099f676255555240b5240f897805dce) Importer(815301076,1909f56bfc062723c751e8b465ee728b)  -> (artifact id: '3f2771e8ee4ce326e7410cd30efabe11') in 0.024063 seconds 
  Import took 0.027329 seconds .

========================================================================
Received Import Request.
  Time since last request: 0.000259 seconds.
  path: Assets/Pixel Adventure 1/Assets/Main Characters/Ninja Frog/Run (32x32).png
  artifactKey: Guid(e362bc6a7c79fce4db16d145d43a5550) Importer(815301076,1909f56bfc062723c751e8b465ee728b)
Start importing Assets/Pixel Adventure 1/Assets/Main Characters/Ninja Frog/Run (32x32).png using Guid(e362bc6a7c79fce4db16d145d43a5550) Importer(815301076,1909f56bfc062723c751e8b465ee728b)  -> (artifact id: 'f473ac57d8437a59ddcfba7abbd48ecf') in 0.031578 seconds 
  Import took 0.034075 seconds .

========================================================================
Received Import Request.
  Time since last request: 0.000242 seconds.
  path: Assets/Pixel Adventure 1/Assets/Main Characters/Ninja Frog/Hit (32x32).png
  artifactKey: Guid(18a451ae5d817e04bbf3101eaed9466e) Importer(815301076,1909f56bfc062723c751e8b465ee728b)
Start importing Assets/Pixel Adventure 1/Assets/Main Characters/Ninja Frog/Hit (32x32).png using Guid(18a451ae5d817e04bbf3101eaed9466e) Importer(815301076,1909f56bfc062723c751e8b465ee728b)  -> (artifact id: '89af034e9a3418ddaf6651211f742ad1') in 0.033197 seconds 
  Import took 0.035571 seconds .

========================================================================
Received Import Request.
  Time since last request: 0.000215 seconds.
  path: Assets/Pixel Adventure 1/Assets/Main Characters/Ninja Frog/Jump (32x32).png
  artifactKey: Guid(4872bd1108769a946a6acb68dc156fcf) Importer(815301076,1909f56bfc062723c751e8b465ee728b)
Start importing Assets/Pixel Adventure 1/Assets/Main Characters/Ninja Frog/Jump (32x32).png using Guid(4872bd1108769a946a6acb68dc156fcf) Importer(815301076,1909f56bfc062723c751e8b465ee728b)  -> (artifact id: '0a39d397abab4221338bb487b679c9a3') in 0.009268 seconds 
  Import took 0.011496 seconds .

========================================================================
Received Import Request.
  Time since last request: 0.000198 seconds.
  path: Assets/Pixel Adventure 1/Assets/Main Characters/Ninja Frog/Wall Jump (32x32).png
  artifactKey: Guid(3b332af1e6c55e94f8e5eb08fb4ab06b) Importer(815301076,1909f56bfc062723c751e8b465ee728b)
Start importing Assets/Pixel Adventure 1/Assets/Main Characters/Ninja Frog/Wall Jump (32x32).png using Guid(3b332af1e6c55e94f8e5eb08fb4ab06b) Importer(815301076,1909f56bfc062723c751e8b465ee728b)  -> (artifact id: '06f800379ac132f4e42f87fde29067f2') in 0.017496 seconds 
  Import took 0.019748 seconds .

========================================================================
Received Import Request.
  Time since last request: 0.000204 seconds.
  path: Assets/Pixel Adventure 1/Assets/Main Characters/Ninja Frog/Fall (32x32).png
  artifactKey: Guid(b6d14bcb8d9dbb349beb9d3619096732) Importer(815301076,1909f56bfc062723c751e8b465ee728b)
Start importing Assets/Pixel Adventure 1/Assets/Main Characters/Ninja Frog/Fall (32x32).png using Guid(b6d14bcb8d9dbb349beb9d3619096732) Importer(815301076,1909f56bfc062723c751e8b465ee728b)  -> (artifact id: 'c44b1ea3b6cfe23c81ae30ad25e9a7f4') in 0.009319 seconds 
  Import took 0.011518 seconds .

========================================================================
Received Import Request.
  Time since last request: 0.000229 seconds.
  path: Assets/Pixel Adventure 1/Assets/Main Characters/Ninja Frog/Idle (32x32).png
  artifactKey: Guid(cd947491a13509945aa1b644f9db3ef2) Importer(815301076,1909f56bfc062723c751e8b465ee728b)
Start importing Assets/Pixel Adventure 1/Assets/Main Characters/Ninja Frog/Idle (32x32).png using Guid(cd947491a13509945aa1b644f9db3ef2) Importer(815301076,1909f56bfc062723c751e8b465ee728b)  -> (artifact id: '01915b869cf69caa91b518ffbc935c4c') in 0.028167 seconds 
  Import took 0.030509 seconds .

========================================================================
Received Import Request.
  Time since last request: 95.155978 seconds.
  path: Assets/Scripts
  artifactKey: Guid(3bb39efdf9adb074a9bd0c18d1ad0508) Importer(815301076,1909f56bfc062723c751e8b465ee728b)
Start importing Assets/Scripts using Guid(3bb39efdf9adb074a9bd0c18d1ad0508) Importer(815301076,1909f56bfc062723c751e8b465ee728b)  -> (artifact id: '7b5c5936793666a3a43b5487045968fe') in 0.005524 seconds 
  Import took 0.008652 seconds .

========================================================================
Received Import Request.
  Time since last request: 23.548202 seconds.
  path: Assets/Scripts/Main.cs
  artifactKey: Guid(2eafeaa539c75b9439bd89d9e8f10481) Importer(815301076,1909f56bfc062723c751e8b465ee728b)
Start importing Assets/Scripts/Main.cs using Guid(2eafeaa539c75b9439bd89d9e8f10481) Importer(815301076,1909f56bfc062723c751e8b465ee728b)  -> (artifact id: '27c915ec5ae601fff5468579de36b922') in 0.006469 seconds 
  Import took 0.009105 seconds .

========================================================================
Received Import Request.
  Time since last request: 0.001903 seconds.
  path: Assets/Scripts/Main.cs
  artifactKey: Guid(2eafeaa539c75b9439bd89d9e8f10481) Importer(815301076,1909f56bfc062723c751e8b465ee728b)
Start importing Assets/Scripts/Main.cs using Guid(2eafeaa539c75b9439bd89d9e8f10481) Importer(815301076,1909f56bfc062723c751e8b465ee728b)  -> (artifact id: '27c915ec5ae601fff5468579de36b922') in 0.001775 seconds 
  Import took 0.004304 seconds .

========================================================================
Received Prepare
Registering precompiled user dll's ...
Registered in 0.002111 seconds.
Begin MonoManager ReloadAssembly
Native extension for WindowsStandalone target not found
Refreshing native plugins compatible for Editor in 0.38 ms, found 3 plugins.
Preloading 0 native plugins for Editor in 0.00 ms.
Mono: successfully reloaded assembly
- Completed reload, in  0.743 seconds
Domain Reload Profiling:
	ReloadAssembly (743ms)
		BeginReloadAssembly (94ms)
			ExecutionOrderSort (0ms)
			DisableScriptedObjects (5ms)
			BackupInstance (0ms)
			ReleaseScriptingObjects (0ms)
			CreateAndSetChildDomain (28ms)
		EndReloadAssembly (598ms)
			LoadAssemblies (67ms)
			RebuildTransferFunctionScriptingTraits (0ms)
			SetupTypeCache (208ms)
			ReleaseScriptCaches (1ms)
			RebuildScriptCaches (31ms)
			SetupLoadedEditorAssemblies (215ms)
				LogAssemblyErrors (0ms)
				InitializePlatformSupportModulesInManaged (4ms)
				SetLoadedEditorAssemblies (0ms)
				RefreshPlugins (0ms)
				BeforeProcessingInitializeOnLoad (68ms)
				ProcessInitializeOnLoadAttributes (134ms)
				ProcessInitializeOnLoadMethodAttributes (4ms)
				AfterProcessingInitializeOnLoad (5ms)
				EditorAssembliesLoaded (0ms)
			ExecutionOrderSort2 (0ms)
			AwakeInstancesAfterBackupRestoration (8ms)
Platform modules already initialized, skipping
Refreshing native plugins compatible for Editor in 0.32 ms, found 3 plugins.
Preloading 0 native plugins for Editor in 0.00 ms.
Unloading 2081 Unused Serialized files (Serialized files now loaded: 0)
System memory in use before: 95.6 MB.
System memory in use after: 95.7 MB.

Unloading 14 unused Assets to reduce memory usage. Loaded Objects now: 2582.
Total: 2.223800 ms (FindLiveObjects: 0.134400 ms CreateObjectMapping: 0.055800 ms MarkObjects: 2.021200 ms  DeleteObjects: 0.011600 ms)

AssetImportParameters requested are different than current active one (requested -> active):
  custom:framework-win-MediaFoundation: 216162199b28c13a410421893ffa2e32 -> 
  custom:video-decoder-ogg-theora: a1e56fd34408186e4bbccfd4996cb3dc -> 
  custom:container-muxer-webm: aa71ff27fc2769a1b78a27578f13a17b -> 
  custom:container-demuxer-webm: 4f35f7cbe854078d1ac9338744f61a02 -> 
  custom:container-demuxer-ogg: 62fdf1f143b41e24485cea50d1cbac27 -> 
  custom:video-encoder-webm-vp8: eb34c28f22e8b96e1ab97ce403110664 -> 
  custom:video-decoder-webm-vp8: 9c59270c3fd7afecdb556c50c9e8de78 -> 
  custom:audio-decoder-ogg-vorbis: bf7c407c2cedff20999df2af8eb42d56 -> 
  custom:audio-encoder-webm-vorbis: bf7c407c2cedff20999df2af8eb42d56 -> 
========================================================================
Received Prepare
Registering precompiled user dll's ...
Registered in 0.002107 seconds.
Begin MonoManager ReloadAssembly
Native extension for WindowsStandalone target not found
Refreshing native plugins compatible for Editor in 0.39 ms, found 3 plugins.
Preloading 0 native plugins for Editor in 0.00 ms.
Mono: successfully reloaded assembly
- Completed reload, in  0.728 seconds
Domain Reload Profiling:
	ReloadAssembly (728ms)
		BeginReloadAssembly (94ms)
			ExecutionOrderSort (0ms)
			DisableScriptedObjects (5ms)
			BackupInstance (0ms)
			ReleaseScriptingObjects (0ms)
			CreateAndSetChildDomain (26ms)
		EndReloadAssembly (589ms)
			LoadAssemblies (64ms)
			RebuildTransferFunctionScriptingTraits (0ms)
			SetupTypeCache (204ms)
			ReleaseScriptCaches (1ms)
			RebuildScriptCaches (31ms)
			SetupLoadedEditorAssemblies (212ms)
				LogAssemblyErrors (0ms)
				InitializePlatformSupportModulesInManaged (3ms)
				SetLoadedEditorAssemblies (1ms)
				RefreshPlugins (0ms)
				BeforeProcessingInitializeOnLoad (67ms)
				ProcessInitializeOnLoadAttributes (132ms)
				ProcessInitializeOnLoadMethodAttributes (4ms)
				AfterProcessingInitializeOnLoad (5ms)
				EditorAssembliesLoaded (0ms)
			ExecutionOrderSort2 (0ms)
			AwakeInstancesAfterBackupRestoration (8ms)
Platform modules already initialized, skipping
Refreshing native plugins compatible for Editor in 0.36 ms, found 3 plugins.
Preloading 0 native plugins for Editor in 0.00 ms.
Unloading 2084 Unused Serialized files (Serialized files now loaded: 0)
System memory in use before: 95.7 MB.
System memory in use after: 95.8 MB.

Unloading 15 unused Assets to reduce memory usage. Loaded Objects now: 2588.
Total: 2.416400 ms (FindLiveObjects: 0.140000 ms CreateObjectMapping: 0.053900 ms MarkObjects: 2.207300 ms  DeleteObjects: 0.014300 ms)

AssetImportParameters requested are different than current active one (requested -> active):
  custom:framework-win-MediaFoundation: 216162199b28c13a410421893ffa2e32 -> 
  custom:video-decoder-ogg-theora: a1e56fd34408186e4bbccfd4996cb3dc -> 
  custom:container-muxer-webm: aa71ff27fc2769a1b78a27578f13a17b -> 
  custom:container-demuxer-webm: 4f35f7cbe854078d1ac9338744f61a02 -> 
  custom:container-demuxer-ogg: 62fdf1f143b41e24485cea50d1cbac27 -> 
  custom:video-encoder-webm-vp8: eb34c28f22e8b96e1ab97ce403110664 -> 
  custom:video-decoder-webm-vp8: 9c59270c3fd7afecdb556c50c9e8de78 -> 
  custom:audio-decoder-ogg-vorbis: bf7c407c2cedff20999df2af8eb42d56 -> 
  custom:audio-encoder-webm-vorbis: bf7c407c2cedff20999df2af8eb42d56 -> 
========================================================================
Received Import Request.
  Time since last request: 59.261045 seconds.
  path: Assets/Scripts/View
  artifactKey: Guid(c1af1d20a33820a4bbc5d245bf1a8b1e) Importer(815301076,1909f56bfc062723c751e8b465ee728b)
Start importing Assets/Scripts/View using Guid(c1af1d20a33820a4bbc5d245bf1a8b1e) Importer(815301076,1909f56bfc062723c751e8b465ee728b)  -> (artifact id: 'e98737d56e2d539016f3ebdd67a03240') in 0.007428 seconds 
  Import took 0.010373 seconds .

========================================================================
Received Import Request.
  Time since last request: 0.002600 seconds.
  path: Assets/Scripts/View
  artifactKey: Guid(c1af1d20a33820a4bbc5d245bf1a8b1e) Importer(815301076,1909f56bfc062723c751e8b465ee728b)
Start importing Assets/Scripts/View using Guid(c1af1d20a33820a4bbc5d245bf1a8b1e) Importer(815301076,1909f56bfc062723c751e8b465ee728b)  -> (artifact id: 'e98737d56e2d539016f3ebdd67a03240') in 0.002039 seconds 
  Import took 0.004588 seconds .

AssetImportWorkerClient::OnTransportError - code=2 error=End of file
